-------------------------------------------------------------------------------
Test set: com.commons.main.ApplicationTests
-------------------------------------------------------------------------------
Tests run: 1, Failures: 0, Errors: 1, Skipped: 0, Time elapsed: 1.815 s <<< FAILURE! - in com.commons.main.ApplicationTests
contextLoads  Time elapsed: 0.001 s  <<< ERROR!
java.lang.IllegalStateException: Failed to load ApplicationContext
Caused by: org.springframework.beans.factory.UnsatisfiedDependencyException: Error creating bean with name 'matchLogDriverController': Unsatisfied dependency expressed through field 'driverImpl'; nested exception is org.springframework.beans.factory.UnsatisfiedDependencyException: Error creating bean with name 'matchLogDriverService': Unsatisfied dependency expressed through field 'historyRepository'; nested exception is org.springframework.beans.factory.BeanCreationException: Error creating bean with name 'matchLogHistoryRepository' defined in com.commons.main.repository.MatchLogHistoryRepository defined in @EnableMongoRepositories declared on MongoRepositoriesRegistrar.EnableMongoRepositoriesConfiguration: Invocation of init method failed; nested exception is org.springframework.data.repository.query.QueryCreationException: Could not create query for public abstract java.util.List com.commons.main.repository.MatchLogHistoryRepository.findByRiderIdByOrderByMatchTimeDesc(java.lang.String)! Reason: No property by found for type String! Traversed path: MatchLogHistory.riderId.; nested exception is org.springframework.data.mapping.PropertyReferenceException: No property by found for type String! Traversed path: MatchLogHistory.riderId.
Caused by: org.springframework.beans.factory.UnsatisfiedDependencyException: Error creating bean with name 'matchLogDriverService': Unsatisfied dependency expressed through field 'historyRepository'; nested exception is org.springframework.beans.factory.BeanCreationException: Error creating bean with name 'matchLogHistoryRepository' defined in com.commons.main.repository.MatchLogHistoryRepository defined in @EnableMongoRepositories declared on MongoRepositoriesRegistrar.EnableMongoRepositoriesConfiguration: Invocation of init method failed; nested exception is org.springframework.data.repository.query.QueryCreationException: Could not create query for public abstract java.util.List com.commons.main.repository.MatchLogHistoryRepository.findByRiderIdByOrderByMatchTimeDesc(java.lang.String)! Reason: No property by found for type String! Traversed path: MatchLogHistory.riderId.; nested exception is org.springframework.data.mapping.PropertyReferenceException: No property by found for type String! Traversed path: MatchLogHistory.riderId.
Caused by: org.springframework.beans.factory.BeanCreationException: Error creating bean with name 'matchLogHistoryRepository' defined in com.commons.main.repository.MatchLogHistoryRepository defined in @EnableMongoRepositories declared on MongoRepositoriesRegistrar.EnableMongoRepositoriesConfiguration: Invocation of init method failed; nested exception is org.springframework.data.repository.query.QueryCreationException: Could not create query for public abstract java.util.List com.commons.main.repository.MatchLogHistoryRepository.findByRiderIdByOrderByMatchTimeDesc(java.lang.String)! Reason: No property by found for type String! Traversed path: MatchLogHistory.riderId.; nested exception is org.springframework.data.mapping.PropertyReferenceException: No property by found for type String! Traversed path: MatchLogHistory.riderId.
Caused by: org.springframework.data.repository.query.QueryCreationException: Could not create query for public abstract java.util.List com.commons.main.repository.MatchLogHistoryRepository.findByRiderIdByOrderByMatchTimeDesc(java.lang.String)! Reason: No property by found for type String! Traversed path: MatchLogHistory.riderId.; nested exception is org.springframework.data.mapping.PropertyReferenceException: No property by found for type String! Traversed path: MatchLogHistory.riderId.
Caused by: org.springframework.data.mapping.PropertyReferenceException: No property by found for type String! Traversed path: MatchLogHistory.riderId.

